<html>
<head>
<title>TestNG:  Functional Testing</title>
<link href="../testng.css" rel="stylesheet" type="text/css" />
<link href="../my-testng.css" rel="stylesheet" type="text/css" />

<style type="text/css">
.log { display: none;} 
.stack-trace { display: none;} 
</style>
<script type="text/javascript">
<!--
function flip(e) {
  current = e.style.display;
  if (current == 'block') {
    e.style.display = 'none';
    return 0;
  }
  else {
    e.style.display = 'block';
    return 1;
  }
}

function toggleBox(szDivId, elem, msg1, msg2)
{
  var res = -1;  if (document.getElementById) {
    res = flip(document.getElementById(szDivId));
  }
  else if (document.all) {
    // this is the way old msie versions work
    res = flip(document.all[szDivId]);
  }
  if(elem) {
    if(res == 0) elem.innerHTML = msg1; else elem.innerHTML = msg2;
  }

}

function toggleAllBoxes() {
  if (document.getElementsByTagName) {
    d = document.getElementsByTagName('div');
    for (i = 0; i < d.length; i++) {
      if (d[i].className == 'log') {
        flip(d[i]);
      }
    }
  }
}

// -->
</script>

</head>
<body>
<h2 align='center'>Functional Testing</h2><table border='1' align="center">
<tr>
<td>Tests passed/Failed/Skipped:</td><td>13/0/1</td>
</tr><tr>
<td>Started on:</td><td>Wed Mar 30 17:44:57 BDT 2022</td>
</tr>
<tr><td>Total time:</td><td>6 seconds (6233 ms)</td>
</tr><tr>
<td>Included groups:</td><td></td>
</tr><tr>
<td>Excluded groups:</td><td></td>
</tr>
</table><p/>
<small><i>(Hover the method name to see the test class name)</i></small><p/>
<table width='100%' border='1' class='invocation-passed'>
<tr><td colspan='4' align='center'><b>PASSED TESTS</b></td></tr>
<tr><td><b>Test method</b></td>
<td width="30%"><b>Exception</b></td>
<td width="10%"><b>Time (seconds)</b></td>
<td><b>Instance</b></td>
</tr>
<tr>
<td title='ui.LoginTest1.loginTest()'><b>loginTest</b><br>Test class: ui.LoginTest1<br>Test method: This is a login test</td>
<td></td>
<td>0</td>
<td>ui.LoginTest1@593aaf41</td></tr>
<tr>
<td title='ui.GroupTest.test3()'><b>test3</b><br>Test class: ui.GroupTest</td>
<td></td>
<td>0</td>
<td>ui.GroupTest@1b2abca6</td></tr>
<tr>
<td title='ui.LoginTest1.logoutTest()'><b>logoutTest</b><br>Test class: ui.LoginTest1<br>Test method: This is a logout test</td>
<td></td>
<td>0</td>
<td>ui.LoginTest1@593aaf41</td></tr>
<tr>
<td title='ui.VerifyTitleTest.titleTest()'><b>titleTest</b><br>Test class: ui.VerifyTitleTest</td>
<td></td>
<td>3</td>
<td>ui.VerifyTitleTest@7c711375</td></tr>
<tr>
<td title='ui.LoginTest3.loginTest()'><b>loginTest</b><br>Test class: ui.LoginTest3<br>Test method: This is a login test</td>
<td></td>
<td>0</td>
<td>ui.LoginTest3@57cf54e1</td></tr>
<tr>
<td title='ui.GroupTest.test1()'><b>test1</b><br>Test class: ui.GroupTest</td>
<td></td>
<td>0</td>
<td>ui.GroupTest@1b2abca6</td></tr>
<tr>
<td title='ui.SkipTest.skipTest3()'><b>skipTest3</b><br>Test class: ui.SkipTest</td>
<td></td>
<td>0</td>
<td>ui.SkipTest@58d75e99</td></tr>
<tr>
<td title='ui.LoginTest2.logoutTest()'><b>logoutTest</b><br>Test class: ui.LoginTest2<br>Test method: This is a logout test</td>
<td></td>
<td>0</td>
<td>ui.LoginTest2@5a56cdac</td></tr>
<tr>
<td title='ui.VerifyTitleAndTextTest.titleTest()'><b>titleTest</b><br>Test class: ui.VerifyTitleAndTextTest</td>
<td></td>
<td>2</td>
<td>ui.VerifyTitleAndTextTest@5b03b9fe</td></tr>
<tr>
<td title='ui.GroupTest.test2()'><b>test2</b><br>Test class: ui.GroupTest</td>
<td></td>
<td>0</td>
<td>ui.GroupTest@1b2abca6</td></tr>
<tr>
<td title='ui.GroupTest.test4()'><b>test4</b><br>Test class: ui.GroupTest</td>
<td></td>
<td>0</td>
<td>ui.GroupTest@1b2abca6</td></tr>
<tr>
<td title='ui.LoginTest3.logoutTest()'><b>logoutTest</b><br>Test class: ui.LoginTest3<br>Test method: This is a logout test</td>
<td></td>
<td>0</td>
<td>ui.LoginTest3@57cf54e1</td></tr>
<tr>
<td title='ui.LoginTest2.loginTest()'><b>loginTest</b><br>Test class: ui.LoginTest2<br>Test method: This is a login test</td>
<td></td>
<td>0</td>
<td>ui.LoginTest2@5a56cdac</td></tr>
</table><p>
<table width='100%' border='1' class='invocation-skipped'>
<tr><td colspan='4' align='center'><b>SKIPPED TESTS</b></td></tr>
<tr><td><b>Test method</b></td>
<td width="30%"><b>Exception</b></td>
<td width="10%"><b>Time (seconds)</b></td>
<td><b>Instance</b></td>
</tr>
<tr>
<td title='ui.SkipTest.skipTest2()'><b>skipTest2</b><br>Test class: ui.SkipTest</td>
<td><div><pre>org.testng.SkipException: Skiping this test
	at ui.SkipTest.skipTest2(SkipTest.java:20)
	at java.base/java.util.ArrayList.forEach(ArrayList.java:1511)
... Removed 28 stack frames</pre></div><a href='#' onClick='toggleBox("stack-trace1896305732", this, "Click to show all stack frames", "Click to hide stack frames")'>Click to show all stack frames</a>
<div class='stack-trace' id='stack-trace1896305732'><pre>org.testng.SkipException: Skiping this test
	at ui.SkipTest.skipTest2(SkipTest.java:20)
	at java.base/jdk.internal.reflect.NativeMethodAccessorImpl.invoke0(Native Method)
	at java.base/jdk.internal.reflect.NativeMethodAccessorImpl.invoke(NativeMethodAccessorImpl.java:77)
	at java.base/jdk.internal.reflect.DelegatingMethodAccessorImpl.invoke(DelegatingMethodAccessorImpl.java:43)
	at java.base/java.lang.reflect.Method.invoke(Method.java:568)
	at org.testng.internal.MethodInvocationHelper.invokeMethod(MethodInvocationHelper.java:133)
	at org.testng.internal.TestInvoker.invokeMethod(TestInvoker.java:598)
	at org.testng.internal.TestInvoker.invokeTestMethod(TestInvoker.java:173)
	at org.testng.internal.MethodRunner.runInSequence(MethodRunner.java:46)
	at org.testng.internal.TestInvoker$MethodInvocationAgent.invoke(TestInvoker.java:824)
	at org.testng.internal.TestInvoker.invokeTestMethods(TestInvoker.java:146)
	at org.testng.internal.TestMethodWorker.invokeTestMethods(TestMethodWorker.java:146)
	at org.testng.internal.TestMethodWorker.run(TestMethodWorker.java:128)
	at java.base/java.util.ArrayList.forEach(ArrayList.java:1511)
	at org.testng.TestRunner.privateRun(TestRunner.java:794)
	at org.testng.TestRunner.run(TestRunner.java:596)
	at org.testng.SuiteRunner.runTest(SuiteRunner.java:377)
	at org.testng.SuiteRunner.runSequentially(SuiteRunner.java:371)
	at org.testng.SuiteRunner.privateRun(SuiteRunner.java:332)
	at org.testng.SuiteRunner.run(SuiteRunner.java:276)
	at org.testng.SuiteRunnerWorker.runSuite(SuiteRunnerWorker.java:53)
	at org.testng.SuiteRunnerWorker.run(SuiteRunnerWorker.java:96)
	at org.testng.TestNG.runSuitesSequentially(TestNG.java:1212)
	at org.testng.TestNG.runSuitesSequentially(TestNG.java:1207)
	at org.testng.TestNG.runSuitesLocally(TestNG.java:1134)
	at org.testng.TestNG.runSuites(TestNG.java:1063)
	at org.testng.TestNG.run(TestNG.java:1031)
	at org.testng.remote.AbstractRemoteTestNG.run(AbstractRemoteTestNG.java:115)
	at org.testng.remote.RemoteTestNG.initAndRun(RemoteTestNG.java:251)
	at org.testng.remote.RemoteTestNG.main(RemoteTestNG.java:77)
</pre></div></td>
<td>0</td>
<td>ui.SkipTest@58d75e99</td></tr>
</table><p>
</body>
</html>