<?xml version="1.0" encoding="UTF-8"?>
<!-- Generated by org.testng.reporters.JUnitXMLReporter -->
<testsuite ignored="0" hostname="Noman" failures="1" tests="4" name="Functional Testing" time="0.041" errors="0" timestamp="2022-05-26T16:19:52 BDT">
  <testcase classname="ui.GroupTestInsertCommonListeners" name="test3" time="0.003"/>
  <testcase classname="ui.GroupTestInsertCommonListeners" name="test4" time="0.0"/>
  <testcase classname="ui.GroupTestInsertCommonListeners" name="test1" time="0.0"/>
  <testcase classname="ui.GroupTestInsertCommonListeners" name="test2" time="0.014">
    <failure type="java.lang.AssertionError" message="expected [true] but found [false]">
      <![CDATA[java.lang.AssertionError: expected [true] but found [false]
at ui.GroupTestInsertCommonListeners.test2(GroupTestInsertCommonListeners.java:25)
at java.base/java.util.ArrayList.forEach(ArrayList.java:1511)
... Removed 31 stack frames]]>
    </failure>
  </testcase> <!-- test2 -->
</testsuite> <!-- Functional Testing -->
