<?xml version="1.0" encoding="UTF-8"?>
<testng-results ignored="0" total="4" passed="3" failed="1" skipped="0">
  <reporter-output>
  </reporter-output>
  <suite started-at="2022-05-26T16:19:52 BDT" name="UI Test Suite" finished-at="2022-05-26T16:19:52 BDT" duration-ms="41">
    <groups>
      <group name="bvt">
        <method signature="GroupTestInsertCommonListeners.test3()[pri:0, instance:ui.GroupTestInsertCommonListeners@7205765b]" name="test3" class="ui.GroupTestInsertCommonListeners"/>
        <method signature="GroupTestInsertCommonListeners.test4()[pri:0, instance:ui.GroupTestInsertCommonListeners@7205765b]" name="test4" class="ui.GroupTestInsertCommonListeners"/>
      </group> <!-- bvt -->
      <group name="user-registration">
        <method signature="GroupTestInsertCommonListeners.test1()[pri:1, instance:ui.GroupTestInsertCommonListeners@7205765b]" name="test1" class="ui.GroupTestInsertCommonListeners"/>
        <method signature="GroupTestInsertCommonListeners.test2()[pri:2, instance:ui.GroupTestInsertCommonListeners@7205765b]" name="test2" class="ui.GroupTestInsertCommonListeners"/>
        <method signature="GroupTestInsertCommonListeners.test3()[pri:0, instance:ui.GroupTestInsertCommonListeners@7205765b]" name="test3" class="ui.GroupTestInsertCommonListeners"/>
        <method signature="GroupTestInsertCommonListeners.test4()[pri:0, instance:ui.GroupTestInsertCommonListeners@7205765b]" name="test4" class="ui.GroupTestInsertCommonListeners"/>
      </group> <!-- user-registration -->
      <group name="regression">
        <method signature="GroupTestInsertCommonListeners.test1()[pri:1, instance:ui.GroupTestInsertCommonListeners@7205765b]" name="test1" class="ui.GroupTestInsertCommonListeners"/>
        <method signature="GroupTestInsertCommonListeners.test2()[pri:2, instance:ui.GroupTestInsertCommonListeners@7205765b]" name="test2" class="ui.GroupTestInsertCommonListeners"/>
        <method signature="GroupTestInsertCommonListeners.test3()[pri:0, instance:ui.GroupTestInsertCommonListeners@7205765b]" name="test3" class="ui.GroupTestInsertCommonListeners"/>
      </group> <!-- regression -->
    </groups>
    <test started-at="2022-05-26T16:19:52 BDT" name="Functional Testing" finished-at="2022-05-26T16:19:52 BDT" duration-ms="41">
      <class name="ui.GroupTestInsertCommonListeners">
        <test-method is-config="true" signature="dataSetuo()[pri:0, instance:ui.GroupTestInsertCommonListeners@7205765b]" started-at="2022-05-26T16:19:52 BDT" name="dataSetuo" finished-at="2022-05-26T16:19:52 BDT" duration-ms="4" status="PASS">
          <reporter-output>
          </reporter-output>
        </test-method> <!-- dataSetuo -->
        <test-method signature="test3()[pri:0, instance:ui.GroupTestInsertCommonListeners@7205765b]" started-at="2022-05-26T16:19:52 BDT" name="test3" finished-at="2022-05-26T16:19:52 BDT" duration-ms="3" status="PASS">
          <reporter-output>
          </reporter-output>
        </test-method> <!-- test3 -->
        <test-method signature="test4()[pri:0, instance:ui.GroupTestInsertCommonListeners@7205765b]" started-at="2022-05-26T16:19:52 BDT" name="test4" finished-at="2022-05-26T16:19:52 BDT" duration-ms="0" status="PASS">
          <reporter-output>
          </reporter-output>
        </test-method> <!-- test4 -->
        <test-method signature="test1()[pri:1, instance:ui.GroupTestInsertCommonListeners@7205765b]" started-at="2022-05-26T16:19:52 BDT" name="test1" finished-at="2022-05-26T16:19:52 BDT" duration-ms="0" status="PASS">
          <reporter-output>
          </reporter-output>
        </test-method> <!-- test1 -->
        <test-method signature="test2()[pri:2, instance:ui.GroupTestInsertCommonListeners@7205765b]" started-at="2022-05-26T16:19:52 BDT" name="test2" finished-at="2022-05-26T16:19:52 BDT" duration-ms="14" status="FAIL">
          <exception class="java.lang.AssertionError">
            <message>
              <![CDATA[expected [true] but found [false]]]>
            </message>
            <full-stacktrace>
              <![CDATA[java.lang.AssertionError: expected [true] but found [false]
at org.testng.Assert.fail(Assert.java:99)
at org.testng.Assert.failNotEquals(Assert.java:1037)
at org.testng.Assert.assertTrue(Assert.java:45)
at org.testng.Assert.assertTrue(Assert.java:55)
at ui.GroupTestInsertCommonListeners.test2(GroupTestInsertCommonListeners.java:25)
at java.base/jdk.internal.reflect.NativeMethodAccessorImpl.invoke0(Native Method)
at java.base/jdk.internal.reflect.NativeMethodAccessorImpl.invoke(NativeMethodAccessorImpl.java:77)
at java.base/jdk.internal.reflect.DelegatingMethodAccessorImpl.invoke(DelegatingMethodAccessorImpl.java:43)
at java.base/java.lang.reflect.Method.invoke(Method.java:568)
at org.testng.internal.MethodInvocationHelper.invokeMethod(MethodInvocationHelper.java:133)
at org.testng.internal.TestInvoker.invokeMethod(TestInvoker.java:598)
at org.testng.internal.TestInvoker.invokeTestMethod(TestInvoker.java:173)
at org.testng.internal.MethodRunner.runInSequence(MethodRunner.java:46)
at org.testng.internal.TestInvoker$MethodInvocationAgent.invoke(TestInvoker.java:824)
at org.testng.internal.TestInvoker.invokeTestMethods(TestInvoker.java:146)
at org.testng.internal.TestMethodWorker.invokeTestMethods(TestMethodWorker.java:146)
at org.testng.internal.TestMethodWorker.run(TestMethodWorker.java:128)
at java.base/java.util.ArrayList.forEach(ArrayList.java:1511)
at org.testng.TestRunner.privateRun(TestRunner.java:794)
at org.testng.TestRunner.run(TestRunner.java:596)
at org.testng.SuiteRunner.runTest(SuiteRunner.java:377)
at org.testng.SuiteRunner.runSequentially(SuiteRunner.java:371)
at org.testng.SuiteRunner.privateRun(SuiteRunner.java:332)
at org.testng.SuiteRunner.run(SuiteRunner.java:276)
at org.testng.SuiteRunnerWorker.runSuite(SuiteRunnerWorker.java:53)
at org.testng.SuiteRunnerWorker.run(SuiteRunnerWorker.java:96)
at org.testng.TestNG.runSuitesSequentially(TestNG.java:1212)
at org.testng.TestNG.runSuitesLocally(TestNG.java:1134)
at org.testng.TestNG.runSuites(TestNG.java:1063)
at org.testng.TestNG.run(TestNG.java:1031)
at org.testng.remote.AbstractRemoteTestNG.run(AbstractRemoteTestNG.java:115)
at org.testng.remote.RemoteTestNG.initAndRun(RemoteTestNG.java:251)
at org.testng.remote.RemoteTestNG.main(RemoteTestNG.java:77)
]]>
            </full-stacktrace>
          </exception> <!-- java.lang.AssertionError -->
          <reporter-output>
          </reporter-output>
        </test-method> <!-- test2 -->
        <test-method is-config="true" signature="dataTeardown()[pri:0, instance:ui.GroupTestInsertCommonListeners@7205765b]" started-at="2022-05-26T16:19:52 BDT" name="dataTeardown" finished-at="2022-05-26T16:19:52 BDT" duration-ms="0" status="PASS">
          <reporter-output>
          </reporter-output>
        </test-method> <!-- dataTeardown -->
      </class> <!-- ui.GroupTestInsertCommonListeners -->
    </test> <!-- Functional Testing -->
  </suite> <!-- UI Test Suite -->
</testng-results>
